<?xml version="1.0" encoding="UTF-8"?>
<!-- Generated by org.testng.reporters.JUnitXMLReporter -->
<testsuite ignored="0" hostname="Windows11" failures="6" tests="46" name="Test" time="364.464" errors="0" timestamp="2023-10-22T21:09:33 IST">
  <testcase classname="testCases.CheckoutPage2Test" name="clickcancelBtnTest" time="1.454"/>
  <testcase classname="testCases.CheckoutPage2Test" name="clickfinishBtnTest" time="0.079"/>
  <testcase classname="testCases.CheckoutPage2Test" name="verifyUrlofCheckoutPage2Test" time="0.093">
    <failure type="java.lang.AssertionError" message="expected:&amp;lt;https://www.saucedemo.com/cart.html&amp;gt; but was:&amp;lt;https://www.saucedemo.com/checkout-step-two.html&amp;gt;">
      <![CDATA[java.lang.AssertionError: expected:<https://www.saucedemo.com/cart.html> but was:<https://www.saucedemo.com/checkout-step-two.html>
at testCases.CheckoutPage2Test.verifyUrlofCheckoutPage2Test(CheckoutPage2Test.java:50)
at java.base/java.util.ArrayList.forEach(ArrayList.java:1511)
... Removed 29 stack frames]]>
    </failure>
  </testcase> <!-- verifyUrlofCheckoutPage2Test -->
  <testcase classname="testCases.CheckoutPage2Test" name="verifycheckOutPage1TitleTest" time="0.098"/>
  <testcase classname="testCases.CheckoutPage2Test" name="verifypaymentInformationTextTest" time="0.029"/>
  <testcase classname="testCases.CheckoutPage2Test" name="verifypriceTotalTextTest" time="0.018"/>
  <testcase classname="testCases.CheckoutPage2Test" name="verifyshoppingInformationTextTest" time="0.033"/>
  <testcase classname="testCases.CheckoutPage1Test" name="clickCancelBtnTest" time="0.097"/>
  <testcase classname="testCases.CheckoutPage1Test" name="clickContinueBtnTest" time="0.268"/>
  <testcase classname="testCases.CheckoutPage1Test" name="verifyFirstNameTextBoxTest" time="0.015"/>
  <testcase classname="testCases.CheckoutPage1Test" name="verifyLastNameTextBoxTest" time="0.018"/>
  <testcase classname="testCases.CheckoutPage1Test" name="verifyPostalCodeTextBoxTest" time="0.019"/>
  <testcase classname="testCases.CheckoutPage1Test" name="verifyUrlOfCheckOutPage1" time="0.042">
    <failure type="java.lang.AssertionError" message="expected:&amp;lt;Checkout: Your Information&amp;gt; but was:&amp;lt;https://www.saucedemo.com/checkout-step-one.html&amp;gt;">
      <![CDATA[java.lang.AssertionError: expected:<Checkout: Your Information> but was:<https://www.saucedemo.com/checkout-step-one.html>
at testCases.CheckoutPage1Test.verifyUrlOfCheckOutPage1(CheckoutPage1Test.java:46)
at java.base/java.util.ArrayList.forEach(ArrayList.java:1511)
... Removed 29 stack frames]]>
    </failure>
  </testcase> <!-- verifyUrlOfCheckOutPage1 -->
  <testcase classname="testCases.CheckoutPage1Test" name="verifycheckOutPage1TitleTest" time="0.066"/>
  <testcase classname="testCases.CartPageTest" name="clickCheckOutBtnTest" time="0.095"/>
  <testcase classname="testCases.CartPageTest" name="clickContinueShoppingBtnTest" time="0.119"/>
  <testcase classname="testCases.CartPageTest" name="verifyDescriptionTextTest" time="0.052"/>
  <testcase classname="testCases.CartPageTest" name="verifyQtyTextTest" time="0.057"/>
  <testcase classname="testCases.CartPageTest" name="verifyURLofCartPageTest" time="0.041"/>
  <testcase classname="testCases.CartPageTest" name="verifytitleOfCartPageTest" time="0.051">
    <failure type="java.lang.AssertionError" message="expected:&amp;lt;Description&amp;gt; but was:&amp;lt;Your Cart&amp;gt;">
      <![CDATA[java.lang.AssertionError: expected:<Description> but was:<Your Cart>
at testCases.CartPageTest.verifytitleOfCartPageTest(CartPageTest.java:50)
at java.base/java.util.ArrayList.forEach(ArrayList.java:1511)
... Removed 29 stack frames]]>
    </failure>
  </testcase> <!-- verifytitleOfCartPageTest -->
  <testcase classname="testCases.CheckoutCompleteTest" name="clickbackHomeBtnTest" time="0.101"/>
  <testcase classname="testCases.CheckoutCompleteTest" name="verifyURLofcheckoutCompletePageTest" time="0.037">
    <failure type="java.lang.AssertionError" message="expected:&amp;lt;Checkout: Complete!&amp;gt; but was:&amp;lt;https://www.saucedemo.com/checkout-complete.html&amp;gt;">
      <![CDATA[java.lang.AssertionError: expected:<Checkout: Complete!> but was:<https://www.saucedemo.com/checkout-complete.html>
at testCases.CheckoutCompleteTest.verifyURLofcheckoutCompletePageTest(CheckoutCompleteTest.java:54)
at java.base/java.util.ArrayList.forEach(ArrayList.java:1511)
... Removed 29 stack frames]]>
    </failure>
  </testcase> <!-- verifyURLofcheckoutCompletePageTest -->
  <testcase classname="testCases.CheckoutCompleteTest" name="verifycheckoutCompletePageTitle" time="0.051"/>
  <testcase classname="testCases.CheckoutCompleteTest" name="verifyconfirmImgTest" time="0.044"/>
  <testcase classname="testCases.CheckoutCompleteTest" name="verifyorderDispatchedTextTest" time="0.018"/>
  <testcase classname="testCases.CheckoutCompleteTest" name="verifythankYouMsgTextTest" time="0.034"/>
  <testcase classname="testCases.LoginPageTest" name="LoginToApplicationTest" time="0.284"/>
  <testcase classname="testCases.LoginPageTest" name="verifyTitleOfApplication" time="0.04">
    <failure type="java.lang.AssertionError" message="expected:&amp;lt;6&amp;gt; but was:&amp;lt;Swag Labs&amp;gt;">
      <![CDATA[java.lang.AssertionError: expected:<6> but was:<Swag Labs>
at testCases.LoginPageTest.verifyTitleOfApplication(LoginPageTest.java:39)
at java.base/java.util.ArrayList.forEach(ArrayList.java:1511)
... Removed 29 stack frames]]>
    </failure>
  </testcase> <!-- verifyTitleOfApplication -->
  <testcase classname="testCases.LoginPageTest" name="verifyURLofApplicationTest" time="0.034"/>
  <testcase classname="testCases.InventoryPageTest" name="add6ProductTest" time="0.402"/>
  <testcase classname="testCases.InventoryPageTest" name="burgerMenuBtnTest" time="0.046"/>
  <testcase classname="testCases.InventoryPageTest" name="remove2ProductTest" time="4.539"/>
  <testcase classname="testCases.InventoryPageTest" name="vedrifyProductCartLinkTest" time="0.053"/>
  <testcase classname="testCases.InventoryPageTest" name="verifyAddToCartBtn1Test" time="0.065"/>
  <testcase classname="testCases.InventoryPageTest" name="verifyAddToCartBtn2Test" time="0.051"/>
  <testcase classname="testCases.InventoryPageTest" name="verifyAddToCartBtn3Test" time="0.057"/>
  <testcase classname="testCases.InventoryPageTest" name="verifyAddToCartBtn4Test" time="0.048"/>
  <testcase classname="testCases.InventoryPageTest" name="verifyAddToCartBtn5Test" time="0.055"/>
  <testcase classname="testCases.InventoryPageTest" name="verifyAddToCartBtn6Test" time="0.052"/>
  <testcase classname="testCases.InventoryPageTest" name="verifyAppLogoTest" time="0.036"/>
  <testcase classname="testCases.InventoryPageTest" name="verifyFooterTest" time="0.054"/>
  <testcase classname="testCases.InventoryPageTest" name="verifyProductLableTest" time="0.048">
    <failure type="java.lang.AssertionError" message="expected:&amp;lt;https://www.saucedemo.com/cart.html&amp;gt; but was:&amp;lt;Products&amp;gt;">
      <![CDATA[java.lang.AssertionError: expected:<https://www.saucedemo.com/cart.html> but was:<Products>
at testCases.InventoryPageTest.verifyProductLableTest(InventoryPageTest.java:37)
at java.base/java.util.ArrayList.forEach(ArrayList.java:1511)
... Removed 29 stack frames]]>
    </failure>
  </testcase> <!-- verifyProductLableTest -->
  <testcase classname="testCases.InventoryPageTest" name="verifyProductSortBtnTest" time="0.078"/>
  <testcase classname="testCases.InventoryPageTest" name="verifyTwitterLogoTest" time="0.028"/>
  <testcase classname="testCases.InventoryPageTest" name="verifyfacebookLogoTest" time="0.034"/>
  <testcase classname="testCases.InventoryPageTest" name="verifylinkedInLogoTest" time="0.033"/>
</testsuite> <!-- Test -->
